<?xml version="1.0" encoding="UTF-8"?>
<testsuite xmlns:xsi="http://www.w3.org/2001/XMLSchema-instance" xsi:schemaLocation="https://maven.apache.org/surefire/maven-surefire-plugin/xsd/surefire-test-report.xsd" name="net.serenitybdd.olx.acceptancetest.AcceptanceTestSuiteC" time="104.565" tests="20" errors="0" skipped="0" failures="0">
  <properties>
    <property name="idea.version" value="2017.2.7"/>
    <property name="java.runtime.name" value="Java(TM) SE Runtime Environment"/>
    <property name="sun.boot.library.path" value="C:\Program Files\Java\jdk1.8.0_112\jre\bin"/>
    <property name="java.vm.version" value="25.112-b15"/>
    <property name="java.vm.vendor" value="Oracle Corporation"/>
    <property name="maven.multiModuleProjectDirectory" value="C:\Maven\framework"/>
    <property name="java.vendor.url" value="http://java.oracle.com/"/>
    <property name="path.separator" value=";"/>
    <property name="guice.disable.misplaced.annotation.check" value="true"/>
    <property name="java.vm.name" value="Java HotSpot(TM) 64-Bit Server VM"/>
    <property name="file.encoding.pkg" value="sun.io"/>
    <property name="user.script" value=""/>
    <property name="user.country" value="US"/>
    <property name="sun.java.launcher" value="SUN_STANDARD"/>
    <property name="sun.os.patch.level" value=""/>
    <property name="java.vm.specification.name" value="Java Virtual Machine Specification"/>
    <property name="user.dir" value="C:\Maven\framework"/>
    <property name="java.runtime.version" value="1.8.0_112-b15"/>
    <property name="java.awt.graphicsenv" value="sun.awt.Win32GraphicsEnvironment"/>
    <property name="java.endorsed.dirs" value="C:\Program Files\Java\jdk1.8.0_112\jre\lib\endorsed"/>
    <property name="os.arch" value="amd64"/>
    <property name="java.io.tmpdir" value="C:\Users\IVAN_S~1\AppData\Local\Temp\"/>
    <property name="line.separator" value="&#10;"/>
    <property name="java.vm.specification.vendor" value="Oracle Corporation"/>
    <property name="user.variant" value=""/>
    <property name="os.name" value="Windows 10"/>
    <property name="classworlds.conf" value="C:\Program Files\JetBrains\IntelliJ IDEA Community Edition 2017.2.5\plugins\maven\lib\maven3\bin\m2.conf"/>
    <property name="sun.jnu.encoding" value="Cp1251"/>
    <property name="java.library.path" value="C:\Program Files\Java\jdk1.8.0_112\bin;C:\WINDOWS\Sun\Java\bin;C:\WINDOWS\system32;C:\WINDOWS;C:\Program Files (x86)\Google\Chrome\;C:\ProgramData\Oracle\Java\javapath;C:\phantomjs\bin\phantomjs\;C:\Wiley_project\selenium;C:\WINDOWS\system32;C:\WINDOWS;C:\WINDOWS\System32\Wbem;C:\WINDOWS\System32\WindowsPowerShell\v1.0\;C:\Program Files\TortoiseSVN\bin;C:\Program Files (x86)\Calibre2\;C:\Program Files\nodejs\;C:\Program Files\Java\jdk1.8.0_112;C:\Program Files (x86)\Skype\Phone\;%M2_HOME%\bin\;C:\Program Files\Java\gradle-3.3\bin;C:\Users\ivan_stepantsov\AppData\Roaming\npm;C:\apache-maven-3.5.0\\bin\;C:\Windows\Program Files(x86)\Git\bin\git.exe;C:\Program Files\Git\bin\git.exe;C:\Program Files\Git\cmd;C:\Users\ivan_stepantsov\Desktop\old desktop 2\old desctop\gradle-3.3\lib\plugins\junit-4.12.jar;C:\Program Files (x86)\Google\Chrome;C:\Users\ivan_stepantsov\AppData\Local\Microsoft\WindowsApps;;."/>
    <property name="java.specification.name" value="Java Platform API Specification"/>
    <property name="java.class.version" value="52.0"/>
    <property name="sun.management.compiler" value="HotSpot 64-Bit Tiered Compilers"/>
    <property name="os.version" value="10.0"/>
    <property name="user.home" value="C:\Users\ivan_stepantsov"/>
    <property name="user.timezone" value="Europe/Helsinki"/>
    <property name="java.awt.printerjob" value="sun.awt.windows.WPrinterJob"/>
    <property name="java.specification.version" value="1.8"/>
    <property name="file.encoding" value="UTF-8"/>
    <property name="user.name" value="Ivan_Stepantsov"/>
    <property name="java.class.path" value="C:\Program Files\JetBrains\IntelliJ IDEA Community Edition 2017.2.5\plugins\maven\lib\maven3\boot\plexus-classworlds-2.5.2.jar;C:\Program Files\JetBrains\IntelliJ IDEA Community Edition 2017.2.5\lib\idea_rt.jar"/>
    <property name="java.vm.specification.version" value="1.8"/>
    <property name="sun.arch.data.model" value="64"/>
    <property name="java.home" value="C:\Program Files\Java\jdk1.8.0_112\jre"/>
    <property name="sun.java.command" value="org.codehaus.classworlds.Launcher -Didea.version=2017.2.7 verify"/>
    <property name="java.specification.vendor" value="Oracle Corporation"/>
    <property name="user.language" value="en"/>
    <property name="awt.toolkit" value="sun.awt.windows.WToolkit"/>
    <property name="java.vm.info" value="mixed mode"/>
    <property name="java.version" value="1.8.0_112"/>
    <property name="java.ext.dirs" value="C:\Program Files\Java\jdk1.8.0_112\jre\lib\ext;C:\WINDOWS\Sun\Java\lib\ext"/>
    <property name="sun.boot.class.path" value="C:\Program Files\Java\jdk1.8.0_112\jre\lib\resources.jar;C:\Program Files\Java\jdk1.8.0_112\jre\lib\rt.jar;C:\Program Files\Java\jdk1.8.0_112\jre\lib\sunrsasign.jar;C:\Program Files\Java\jdk1.8.0_112\jre\lib\jsse.jar;C:\Program Files\Java\jdk1.8.0_112\jre\lib\jce.jar;C:\Program Files\Java\jdk1.8.0_112\jre\lib\charsets.jar;C:\Program Files\Java\jdk1.8.0_112\jre\lib\jfr.jar;C:\Program Files\Java\jdk1.8.0_112\jre\classes"/>
    <property name="java.vendor" value="Oracle Corporation"/>
    <property name="maven.home" value="C:\Program Files\JetBrains\IntelliJ IDEA Community Edition 2017.2.5\plugins\maven\lib\maven3"/>
    <property name="file.separator" value="\"/>
    <property name="java.vendor.url.bug" value="http://bugreport.sun.com/bugreport/"/>
    <property name="sun.cpu.endian" value="little"/>
    <property name="sun.io.unicode.encoding" value="UnicodeLittle"/>
    <property name="sun.desktop" value="windows"/>
    <property name="sun.cpu.isalist" value="amd64"/>
  </properties>
  <testcase name="BeforeStories" classname="java.lang.Object" time="0.016"/>
  <testcase name="Given Customer is on the Olx site main page" classname="net.serenitybdd.olx.steps.LoginDefinition" time="16.224"/>
  <testcase name="When Customer want to log in Olx site by using &apos;My Profile&apos; link" classname="net.serenitybdd.olx.steps.LoginDefinition" time="5.04"/>
  <testcase name="Then Customer has been redirected to Login Page" classname="net.serenitybdd.olx.steps.LoginDefinition" time="1.241"/>
  <testcase name="And He is able lo log to Olx by using correct credentials" classname="net.serenitybdd.olx.steps.LoginDefinition" time="13.777"/>
  <testcase name="Scenario: olx login" classname="Scenario: olx login" time="14.034"/>
  <testcase name="LoginOlx․story" classname="LoginOlx․story" time="14.046"/>
  <testcase name="Given Customer is on the Olx site main page​" classname="net.serenitybdd.olx.steps.LoginDefinition" time="10.83"/>
  <testcase name="When Customer want to log in Olx site by using &apos;My Profile&apos; link​" classname="net.serenitybdd.olx.steps.LoginDefinition" time="4.964"/>
  <testcase name="Then Customer has been redirected to Login Page​" classname="net.serenitybdd.olx.steps.LoginDefinition" time="0.998"/>
  <testcase name="And He is able lo log to Olx by using correct credentials​" classname="net.serenitybdd.olx.steps.LoginDefinition" time="12.219"/>
  <testcase name="Scenario: olx login​" classname="Scenario: olx login​" time="12.328"/>
  <testcase name="LoginOlx2․story" classname="LoginOlx2․story" time="12.338"/>
  <testcase name="Given Customer is on the Olx site main page​​" classname="net.serenitybdd.olx.steps.LoginDefinition" time="10.37"/>
  <testcase name="When Customer want to log in Olx site by using &apos;My Profile&apos; link​​" classname="net.serenitybdd.olx.steps.LoginDefinition" time="4.695"/>
  <testcase name="Then Customer has been redirected to Login Page​​" classname="net.serenitybdd.olx.steps.LoginDefinition" time="1.012"/>
  <testcase name="And He is able lo log to Olx by using correct credentials​​" classname="net.serenitybdd.olx.steps.LoginDefinition" time="11.627"/>
  <testcase name="Scenario: olx login​​" classname="Scenario: olx login​​" time="11.732"/>
  <testcase name="LoginOlx3․story" classname="LoginOlx3․story" time="11.737"/>
  <testcase name="AfterStories" classname="java.lang.Object" time="3.095"/>
</testsuite>